<?xml version="1.0" encoding="UTF-8"?>
<testng-results ignored="0" total="1" passed="1" failed="0" skipped="0">
  <reporter-output>
  </reporter-output>
  <suite started-at="2023-02-14T09:59:11 CST" name="Default suite" finished-at="2023-02-14T09:59:27 CST" duration-ms="16241">
    <groups>
    </groups>
    <test started-at="2023-02-14T09:59:11 CST" name="Default test" finished-at="2023-02-14T09:59:27 CST" duration-ms="16241">
      <class name="demo.KatalonDemo">
        <test-method is-config="true" signature="setUp()[pri:0, instance:demo.KatalonDemo@47d9a273]" started-at="2023-02-14T09:59:11 CST" name="setUp" finished-at="2023-02-14T09:59:14 CST" duration-ms="3319" status="PASS">
          <reporter-output>
          </reporter-output>
        </test-method> <!-- setUp -->
        <test-method signature="testKatalonDemo()[pri:0, instance:demo.KatalonDemo@47d9a273]" started-at="2023-02-14T09:59:14 CST" name="testKatalonDemo" finished-at="2023-02-14T09:59:27 CST" duration-ms="12656" status="PASS">
          <reporter-output>
          </reporter-output>
        </test-method> <!-- testKatalonDemo -->
        <test-method is-config="true" signature="tearDown()[pri:0, instance:demo.KatalonDemo@47d9a273]" started-at="2023-02-14T09:59:27 CST" name="tearDown" finished-at="2023-02-14T09:59:27 CST" duration-ms="236" status="PASS">
          <reporter-output>
          </reporter-output>
        </test-method> <!-- tearDown -->
      </class> <!-- demo.KatalonDemo -->
    </test> <!-- Default test -->
  </suite> <!-- Default suite -->
</testng-results>
